<?xml version="1.0" encoding="UTF-8"?>
<!-- Generated by org.testng.reporters.JUnitReportReporter -->
<testsuite hostname="DESKTOP-T2MM1GM" failures="0" tests="1" name="testRunners.Runners" time="0.100" errors="0" timestamp="2024-03-09T15:27:27 IST" skipped="0">
  <testcase classname="testRunners.Runners" name="runScenario" time="0.100"/>
</testsuite> <!-- testRunners.Runners -->
