<?xml version="1.0" encoding="UTF-8"?>
<!-- Generated by org.testng.reporters.JUnitReportReporter -->
<testsuite hostname="DESKTOP-T2MM1GM" failures="0" tests="2" name="runners.MyTestNGRunnerTest" time="14.780" errors="0" timestamp="2024-04-03T13:07:51 IST" skipped="0">
  <testcase classname="runners.MyTestNGRunnerTest" name="runScenario" time="7.397"/>
  <testcase classname="runners.MyTestNGRunnerTest" name="runScenario" time="7.383"/>
</testsuite> <!-- runners.MyTestNGRunnerTest -->
