<?xml version="1.0" encoding="UTF-8"?>
<!-- Generated by org.testng.reporters.JUnitReportReporter -->
<testsuite hostname="DESKTOP-T2MM1GM" failures="0" tests="2" name="runners.MyTestNGRunnerTest" time="15.845" errors="0" timestamp="2024-03-29T23:06:39 IST" skipped="0">
  <testcase classname="runners.MyTestNGRunnerTest" name="runScenario" time="8.006"/>
  <testcase classname="runners.MyTestNGRunnerTest" name="runScenario" time="7.839"/>
</testsuite> <!-- runners.MyTestNGRunnerTest -->
